Waf: Entering directory `/home/thang/ns-allinone-3.23-JN4-Dev2/ns-3.23/build'
Waf: Leaving directory `/home/thang/ns-allinone-3.23-JN4-Dev2/ns-3.23/build'
'build' finished successfully (0.364s)
time	cellId	#LHOs	#EHOs	#WHOs	#PHOs	#Total	KPI
time	cellId	#LHOs	#EHOs	#WHOs	#PHOs	#Total	KPI
Spectrum allocation error, LteInterference::StartRx SpectrumId: 7 #Bands: 100 rxSpectrumId: 7 #rxBands: 100
Spectrum allocation error, LteInterference::StartRx SpectrumId: 7 #Bands: 100 rxSpectrumId: 7 #rxBands: 100
time	cellId	#LHOs	#EHOs	#WHOs	#PHOs	#Total	KPI
Spectrum allocation error, LteInterference::StartRx SpectrumId: 7 #Bands: 100 rxSpectrumId: 7 #rxBands: 100
time	cellId	#LHOs	#EHOs	#WHOs	#PHOs	#Total	KPI
time	cellId	#LHOs	#EHOs	#WHOs	#PHOs	#Total	KPI
time	cellId	#LHOs	#EHOs	#WHOs	#PHOs	#Total	KPI
time	cellId	#LHOs	#EHOs	#WHOs	#PHOs	#Total	KPI
time	cellId	#LHOs	#EHOs	#WHOs	#PHOs	#Total	KPI
time	cellId	#LHOs	#EHOs	#WHOs	#PHOs	#Total	KPI
time	cellId	#LHOs	#EHOs	#WHOs	#PHOs	#Total	KPI
time	cellId	#LHOs	#EHOs	#WHOs	#PHOs	#Total	KPI
time	cellId	#LHOs	#EHOs	#WHOs	#PHOs	#Total	KPI
time	cellId	#LHOs	#EHOs	#WHOs	#PHOs	#Total	KPI
time	cellId	#LHOs	#EHOs	#WHOs	#PHOs	#Total	KPI
time	cellId	#LHOs	#EHOs	#WHOs	#PHOs	#Total	KPI
time	cellId	#LHOs	#EHOs	#WHOs	#PHOs	#Total	KPI
time	cellId	#LHOs	#EHOs	#WHOs	#PHOs	#Total	KPI
time	cellId	#LHOs	#EHOs	#WHOs	#PHOs	#Total	KPI
time	cellId	#LHOs	#EHOs	#WHOs	#PHOs	#Total	KPI
time	cellId	#LHOs	#EHOs	#WHOs	#PHOs	#Total	KPI
time	cellId	#LHOs	#EHOs	#WHOs	#PHOs	#Total	KPI
time	cellId	#LHOs	#EHOs	#WHOs	#PHOs	#Total	KPI
time	cellId	#LHOs	#EHOs	#WHOs	#PHOs	#Total	KPI
time	cellId	#LHOs	#EHOs	#WHOs	#PHOs	#Total	KPI
time	cellId	#LHOs	#EHOs	#WHOs	#PHOs	#Total	KPI
time	cellId	#LHOs	#EHOs	#WHOs	#PHOs	#Total	KPI
time	cellId	#LHOs	#EHOs	#WHOs	#PHOs	#Total	KPI
time	cellId	#LHOs	#EHOs	#WHOs	#PHOs	#Total	KPI
time	cellId	#LHOs	#EHOs	#WHOs	#PHOs	#Total	KPI
Spectrum allocation error, LteInterference::StartRx SpectrumId: 7 #Bands: 100 rxSpectrumId: 7 #rxBands: 100
time	cellId	#LHOs	#EHOs	#WHOs	#PHOs	#Total	KPI
time	cellId	#LHOs	#EHOs	#WHOs	#PHOs	#Total	KPI
time	cellId	#LHOs	#EHOs	#WHOs	#PHOs	#Total	KPI
time	cellId	#LHOs	#EHOs	#WHOs	#PHOs	#Total	KPI
Spectrum allocation error, LteInterference::StartRx SpectrumId: 7 #Bands: 100 rxSpectrumId: 7 #rxBands: 100
time	cellId	#LHOs	#EHOs	#WHOs	#PHOs	#Total	KPI
time	cellId	#LHOs	#EHOs	#WHOs	#PHOs	#Total	KPI
time	cellId	#LHOs	#EHOs	#WHOs	#PHOs	#Total	KPI
time	cellId	#LHOs	#EHOs	#WHOs	#PHOs	#Total	KPI
time	cellId	#LHOs	#EHOs	#WHOs	#PHOs	#Total	KPI
time	cellId	#LHOs	#EHOs	#WHOs	#PHOs	#Total	KPI
time	cellId	#LHOs	#EHOs	#WHOs	#PHOs	#Total	KPI
time	cellId	#LHOs	#EHOs	#WHOs	#PHOs	#Total	KPI
time	cellId	#LHOs	#EHOs	#WHOs	#PHOs	#Total	KPI
time	cellId	#LHOs	#EHOs	#WHOs	#PHOs	#Total	KPI
time	cellId	#LHOs	#EHOs	#WHOs	#PHOs	#Total	KPI
time	cellId	#LHOs	#EHOs	#WHOs	#PHOs	#Total	KPI
time	cellId	#LHOs	#EHOs	#WHOs	#PHOs	#Total	KPI
time	cellId	#LHOs	#EHOs	#WHOs	#PHOs	#Total	KPI
time	cellId	#LHOs	#EHOs	#WHOs	#PHOs	#Total	KPI
Spectrum allocation error, LteInterference::StartRx SpectrumId: 7 #Bands: 100 rxSpectrumId: 7 #rxBands: 100
time	cellId	#LHOs	#EHOs	#WHOs	#PHOs	#Total	KPI
time	cellId	#LHOs	#EHOs	#WHOs	#PHOs	#Total	KPI
time	cellId	#LHOs	#EHOs	#WHOs	#PHOs	#Total	KPI
time	cellId	#LHOs	#EHOs	#WHOs	#PHOs	#Total	KPI
time	cellId	#LHOs	#EHOs	#WHOs	#PHOs	#Total	KPI
time	cellId	#LHOs	#EHOs	#WHOs	#PHOs	#Total	KPI
time	cellId	#LHOs	#EHOs	#WHOs	#PHOs	#Total	KPI
time	cellId	#LHOs	#EHOs	#WHOs	#PHOs	#Total	KPI
time	cellId	#LHOs	#EHOs	#WHOs	#PHOs	#Total	KPI
time	cellId	#LHOs	#EHOs	#WHOs	#PHOs	#Total	KPI
time	cellId	#LHOs	#EHOs	#WHOs	#PHOs	#Total	KPI
time	cellId	#LHOs	#EHOs	#WHOs	#PHOs	#Total	KPI
time	cellId	#LHOs	#EHOs	#WHOs	#PHOs	#Total	KPI
time	cellId	#LHOs	#EHOs	#WHOs	#PHOs	#Total	KPI
time	cellId	#LHOs	#EHOs	#WHOs	#PHOs	#Total	KPI
time	cellId	#LHOs	#EHOs	#WHOs	#PHOs	#Total	KPI
Spectrum allocation error, LteInterference::StartRx SpectrumId: 7 #Bands: 100 rxSpectrumId: 7 #rxBands: 100
time	cellId	#LHOs	#EHOs	#WHOs	#PHOs	#Total	KPI
Spectrum allocation error, LteInterference::StartRx SpectrumId: 7 #Bands: 100 rxSpectrumId: 7 #rxBands: 100
time	cellId	#LHOs	#EHOs	#WHOs	#PHOs	#Total	KPI
time	cellId	#LHOs	#EHOs	#WHOs	#PHOs	#Total	KPI
time	cellId	#LHOs	#EHOs	#WHOs	#PHOs	#Total	KPI
time	cellId	#LHOs	#EHOs	#WHOs	#PHOs	#Total	KPI
time	cellId	#LHOs	#EHOs	#WHOs	#PHOs	#Total	KPI
time	cellId	#LHOs	#EHOs	#WHOs	#PHOs	#Total	KPI
time	cellId	#LHOs	#EHOs	#WHOs	#PHOs	#Total	KPI
time	cellId	#LHOs	#EHOs	#WHOs	#PHOs	#Total	KPI
time	cellId	#LHOs	#EHOs	#WHOs	#PHOs	#Total	KPI
time	cellId	#LHOs	#EHOs	#WHOs	#PHOs	#Total	KPI
time	cellId	#LHOs	#EHOs	#WHOs	#PHOs	#Total	KPI
time	cellId	#LHOs	#EHOs	#WHOs	#PHOs	#Total	KPI
time	cellId	#LHOs	#EHOs	#WHOs	#PHOs	#Total	KPI
time	cellId	#LHOs	#EHOs	#WHOs	#PHOs	#Total	KPI
time	cellId	#LHOs	#EHOs	#WHOs	#PHOs	#Total	KPI
Spectrum allocation error, LteInterference::StartRx SpectrumId: 7 #Bands: 100 rxSpectrumId: 7 #rxBands: 100
time	cellId	#LHOs	#EHOs	#WHOs	#PHOs	#Total	KPI
time	cellId	#LHOs	#EHOs	#WHOs	#PHOs	#Total	KPI
time	cellId	#LHOs	#EHOs	#WHOs	#PHOs	#Total	KPI
time	cellId	#LHOs	#EHOs	#WHOs	#PHOs	#Total	KPI
time	cellId	#LHOs	#EHOs	#WHOs	#PHOs	#Total	KPI
time	cellId	#LHOs	#EHOs	#WHOs	#PHOs	#Total	KPI
time	cellId	#LHOs	#EHOs	#WHOs	#PHOs	#Total	KPI
time	cellId	#LHOs	#EHOs	#WHOs	#PHOs	#Total	KPI
time	cellId	#LHOs	#EHOs	#WHOs	#PHOs	#Total	KPI
time	cellId	#LHOs	#EHOs	#WHOs	#PHOs	#Total	KPI
End Simulation
